c:\users\game106\documents\visual studio 2015\projects\game2\debug\vc140.pdb
c:\users\game106\documents\visual studio 2015\projects\game2\debug\vc140.idb
c:\users\game106\documents\visual studio 2015\projects\game2\debug\bg.obj
c:\users\game106\documents\visual studio 2015\projects\game2\debug\block.obj
c:\users\game106\documents\visual studio 2015\projects\game2\debug\fade.obj
c:\users\game106\documents\visual studio 2015\projects\game2\debug\game.obj
c:\users\game106\documents\visual studio 2015\projects\game2\debug\item.obj
c:\users\game106\documents\visual studio 2015\projects\game2\debug\input.obj
c:\users\game106\documents\visual studio 2015\projects\game2\debug\main.obj
c:\users\game106\documents\visual studio 2015\projects\game2\debug\pause.obj
c:\users\game106\documents\visual studio 2015\projects\game2\debug\player.obj
c:\users\game106\documents\visual studio 2015\projects\game2\debug\ranking.obj
c:\users\game106\documents\visual studio 2015\projects\game2\debug\result.obj
c:\users\game106\documents\visual studio 2015\projects\game2\debug\score.obj
c:\users\game106\documents\visual studio 2015\projects\game2\debug\sound.obj
c:\users\game106\documents\visual studio 2015\projects\game2\debug\time.obj
c:\users\game106\documents\visual studio 2015\projects\game2\debug\title.obj
c:\users\game106\documents\visual studio 2015\projects\game2\debug\game2.ilk
c:\users\game106\documents\visual studio 2015\projects\game2\debug\game2.exe
c:\users\game106\documents\visual studio 2015\projects\game2\debug\game2.pdb
c:\users\game106\documents\visual studio 2015\projects\game2\debug\game2.tlog\cl.command.1.tlog
c:\users\game106\documents\visual studio 2015\projects\game2\debug\game2.tlog\cl.read.1.tlog
c:\users\game106\documents\visual studio 2015\projects\game2\debug\game2.tlog\cl.write.1.tlog
c:\users\game106\documents\visual studio 2015\projects\game2\debug\game2.tlog\link.command.1.tlog
c:\users\game106\documents\visual studio 2015\projects\game2\debug\game2.tlog\link.read.1.tlog
c:\users\game106\documents\visual studio 2015\projects\game2\debug\game2.tlog\link.write.1.tlog
