c:\users\game106\documents\visual studio 2015\projects\3dpotato1\debug\vc140.pdb
c:\users\game106\documents\visual studio 2015\projects\3dpotato1\debug\vc140.idb
c:\users\game106\documents\visual studio 2015\projects\3dpotato1\debug\ballet.obj
c:\users\game106\documents\visual studio 2015\projects\3dpotato1\debug\billboard.obj
c:\users\game106\documents\visual studio 2015\projects\3dpotato1\debug\camera.obj
c:\users\game106\documents\visual studio 2015\projects\3dpotato1\debug\input.obj
c:\users\game106\documents\visual studio 2015\projects\3dpotato1\debug\light.obj
c:\users\game106\documents\visual studio 2015\projects\3dpotato1\debug\main.obj
c:\users\game106\documents\visual studio 2015\projects\3dpotato1\debug\model.obj
c:\users\game106\documents\visual studio 2015\projects\3dpotato1\debug\polygon.obj
c:\users\game106\documents\visual studio 2015\projects\3dpotato1\debug\shadow.obj
c:\users\game106\documents\visual studio 2015\projects\3dpotato1\debug\wall.obj
c:\users\game106\documents\visual studio 2015\projects\3dpotato1\debug\meshfield.obj
c:\users\game106\documents\visual studio 2015\projects\3dpotato1\debug\meshwallcpp.obj
c:\users\game106\documents\visual studio 2015\projects\3dpotato1\debug\meshcylinder.obj
c:\users\game106\documents\visual studio 2015\projects\3dpotato1\debug\3dpotato1.ilk
c:\users\game106\documents\visual studio 2015\projects\3dpotato1\debug\3dpotato1.exe
c:\users\game106\documents\visual studio 2015\projects\3dpotato1\debug\3dpotato1.pdb
c:\users\game106\documents\visual studio 2015\projects\3dpotato1\debug\billboard.obj.enc
c:\users\game106\documents\visual studio 2015\projects\3dpotato1\debug\main.obj.enc
c:\users\game106\documents\visual studio 2015\projects\3dpotato1\debug\meshfield.obj.enc
c:\users\game106\documents\visual studio 2015\projects\3dpotato1\debug\meshwallcpp.obj.enc
c:\users\game106\documents\visual studio 2015\projects\3dpotato1\debug\polygon.obj.enc
c:\users\game106\documents\visual studio 2015\projects\3dpotato1\debug\3dpotato1.tlog\cl.command.1.tlog
c:\users\game106\documents\visual studio 2015\projects\3dpotato1\debug\3dpotato1.tlog\cl.read.1.tlog
c:\users\game106\documents\visual studio 2015\projects\3dpotato1\debug\3dpotato1.tlog\cl.write.1.tlog
c:\users\game106\documents\visual studio 2015\projects\3dpotato1\debug\3dpotato1.tlog\link.command.1.tlog
c:\users\game106\documents\visual studio 2015\projects\3dpotato1\debug\3dpotato1.tlog\link.read.1.tlog
c:\users\game106\documents\visual studio 2015\projects\3dpotato1\debug\3dpotato1.tlog\link.write.1.tlog
