c:\users\game106\documents\visual studio 2015\projects\3dpotato1\release\vc140.pdb
c:\users\game106\documents\visual studio 2015\projects\3dpotato1\release\polygon.obj
c:\users\game106\documents\visual studio 2015\projects\3dpotato1\release\player.obj
c:\users\game106\documents\visual studio 2015\projects\3dpotato1\release\pauseselect.obj
c:\users\game106\documents\visual studio 2015\projects\3dpotato1\release\pause.obj
c:\users\game106\documents\visual studio 2015\projects\3dpotato1\release\model.obj
c:\users\game106\documents\visual studio 2015\projects\3dpotato1\release\meshwallcpp.obj
c:\users\game106\documents\visual studio 2015\projects\3dpotato1\release\meshfield.obj
c:\users\game106\documents\visual studio 2015\projects\3dpotato1\release\meshcylinder.obj
c:\users\game106\documents\visual studio 2015\projects\3dpotato1\release\main.obj
c:\users\game106\documents\visual studio 2015\projects\3dpotato1\release\light.obj
c:\users\game106\documents\visual studio 2015\projects\3dpotato1\release\item.obj
c:\users\game106\documents\visual studio 2015\projects\3dpotato1\release\input.obj
c:\users\game106\documents\visual studio 2015\projects\3dpotato1\release\game.obj
c:\users\game106\documents\visual studio 2015\projects\3dpotato1\release\fade.obj
c:\users\game106\documents\visual studio 2015\projects\3dpotato1\release\explosion.obj
c:\users\game106\documents\visual studio 2015\projects\3dpotato1\release\enemy.obj
c:\users\game106\documents\visual studio 2015\projects\3dpotato1\release\effect.obj
c:\users\game106\documents\visual studio 2015\projects\3dpotato1\release\camera.obj
c:\users\game106\documents\visual studio 2015\projects\3dpotato1\release\billboard.obj
c:\users\game106\documents\visual studio 2015\projects\3dpotato1\release\ballet.obj
c:\users\game106\documents\visual studio 2015\projects\3dpotato1\release\wall.obj
c:\users\game106\documents\visual studio 2015\projects\3dpotato1\release\tutorial.obj
c:\users\game106\documents\visual studio 2015\projects\3dpotato1\release\title.obj
c:\users\game106\documents\visual studio 2015\projects\3dpotato1\release\time.obj
c:\users\game106\documents\visual studio 2015\projects\3dpotato1\release\sound.obj
c:\users\game106\documents\visual studio 2015\projects\3dpotato1\release\shadow.obj
c:\users\game106\documents\visual studio 2015\projects\3dpotato1\release\score.obj
c:\users\game106\documents\visual studio 2015\projects\3dpotato1\release\result.obj
c:\users\game106\documents\visual studio 2015\projects\3dpotato1\release\rankingex.obj
c:\users\game106\documents\visual studio 2015\projects\3dpotato1\release\ranking.obj
c:\users\game106\documents\visual studio 2015\projects\3dpotato1\release\3dpotato1.exe
c:\users\game106\documents\visual studio 2015\projects\3dpotato1\release\3dpotato1.ipdb
c:\users\game106\documents\visual studio 2015\projects\3dpotato1\release\3dpotato1.iobj
c:\users\game106\documents\visual studio 2015\projects\3dpotato1\release\3dpotato1.pdb
c:\users\game106\documents\visual studio 2015\projects\3dpotato1\release\3dpotato1.tlog\cl.command.1.tlog
c:\users\game106\documents\visual studio 2015\projects\3dpotato1\release\3dpotato1.tlog\cl.read.1.tlog
c:\users\game106\documents\visual studio 2015\projects\3dpotato1\release\3dpotato1.tlog\cl.write.1.tlog
c:\users\game106\documents\visual studio 2015\projects\3dpotato1\release\3dpotato1.tlog\link.command.1.tlog
c:\users\game106\documents\visual studio 2015\projects\3dpotato1\release\3dpotato1.tlog\link.read.1.tlog
c:\users\game106\documents\visual studio 2015\projects\3dpotato1\release\3dpotato1.tlog\link.write.1.tlog
